<?xml version="1.0" encoding="utf-8"?><testsuites name="pytest tests"><testsuite name="pytest" errors="0" failures="0" skipped="0" tests="7" time="2.621" timestamp="2026-05-23T07:37:14.500702+00:00" hostname="agent-env-e5285e94-1fb9-460d-8bbf-b2725b5f78c4"><testcase classname="backend.tests.test_ride_backend" name="test_root_health" time="0.280" /><testcase classname="backend.tests.test_ride_backend.TestRideCreate" name="test_create_returns_4char_code" time="0.097" /><testcase classname="backend.tests.test_ride_backend.TestRideCreate" name="test_create_codes_unique" time="0.570" /><testcase classname="backend.tests.test_ride_backend.TestRideGet" name="test_get_existing_ride" time="0.218" /><testcase classname="backend.tests.test_ride_backend.TestRideGet" name="test_get_unknown_ride_404" time="0.096" /><testcase classname="backend.tests.test_ride_backend.TestRideWebSocket" name="test_two_riders_sync_presence_music_volume_speaking" time="0.881" /><testcase classname="backend.tests.test_ride_backend.TestRideWebSocket" name="test_join_existing_code" time="0.312" /></testsuite></testsuites>